DEB [20200521-12:34:32.417] thr=1   paramiko.transport: starting thread (client mode): 0x6b3d510L
DEB [20200521-12:34:32.418] thr=1   paramiko.transport: Local version/idstring: SSH-2.0-paramiko_2.7.1
ERR [20200521-12:34:47.486] thr=1   paramiko.transport: Exception: Error reading SSH protocol banner
ERR [20200521-12:34:47.490] thr=1   paramiko.transport: Traceback (most recent call last):
ERR [20200521-12:34:47.490] thr=1   paramiko.transport:   File "C:\Python27\lib\site-packages\paramiko\transport.py", line 2039, in run
ERR [20200521-12:34:47.490] thr=1   paramiko.transport:     self._check_banner()
ERR [20200521-12:34:47.492] thr=1   paramiko.transport:   File "C:\Python27\lib\site-packages\paramiko\transport.py", line 2216, in _check_banner
ERR [20200521-12:34:47.493] thr=1   paramiko.transport:     "Error reading SSH protocol banner" + str(e)
ERR [20200521-12:34:47.493] thr=1   paramiko.transport: SSHException: Error reading SSH protocol banner
ERR [20200521-12:34:47.493] thr=1   paramiko.transport: 
DEB [20200521-12:44:47.765] thr=1   paramiko.transport: starting thread (client mode): 0x6b4d670L
DEB [20200521-12:44:47.766] thr=1   paramiko.transport: Local version/idstring: SSH-2.0-paramiko_2.7.1
ERR [20200521-12:45:02.834] thr=1   paramiko.transport: Exception: Error reading SSH protocol banner
ERR [20200521-12:45:02.838] thr=1   paramiko.transport: Traceback (most recent call last):
ERR [20200521-12:45:02.838] thr=1   paramiko.transport:   File "C:\Python27\lib\site-packages\paramiko\transport.py", line 2039, in run
ERR [20200521-12:45:02.838] thr=1   paramiko.transport:     self._check_banner()
ERR [20200521-12:45:02.838] thr=1   paramiko.transport:   File "C:\Python27\lib\site-packages\paramiko\transport.py", line 2216, in _check_banner
ERR [20200521-12:45:02.838] thr=1   paramiko.transport:     "Error reading SSH protocol banner" + str(e)
ERR [20200521-12:45:02.838] thr=1   paramiko.transport: SSHException: Error reading SSH protocol banner
ERR [20200521-12:45:02.839] thr=1   paramiko.transport: 
